mode: set
github.com/snapcore/snappy.upstream/arch/arch.go:37.48,39.2 1 1
github.com/snapcore/snappy.upstream/arch/arch.go:46.34,48.2 1 1
github.com/snapcore/snappy.upstream/arch/arch.go:55.49,68.22 3 1
github.com/snapcore/snappy.upstream/arch/arch.go:72.2,72.19 1 1
github.com/snapcore/snappy.upstream/arch/arch.go:68.22,70.3 1 0
github.com/snapcore/snappy.upstream/arch/arch.go:77.59,78.34 1 1
github.com/snapcore/snappy.upstream/arch/arch.go:84.2,84.14 1 1
github.com/snapcore/snappy.upstream/arch/arch.go:78.34,79.38 1 1
github.com/snapcore/snappy.upstream/arch/arch.go:79.38,81.4 1 1
